Determining if the pthread_create exist failed with the following output:
Change Dir: /home/david/catkin_ws/src/beginner_tutorials/CMakeFiles/CMakeTmp

Run Build Command:"/usr/bin/make" "cmTC_9823b/fast"
/usr/bin/make -f CMakeFiles/cmTC_9823b.dir/build.make CMakeFiles/cmTC_9823b.dir/build
make[1]: Entering directory '/home/david/catkin_ws/src/beginner_tutorials/CMakeFiles/CMakeTmp'
Building C object CMakeFiles/cmTC_9823b.dir/CheckSymbolExists.c.o
/usr/bin/cc     -o CMakeFiles/cmTC_9823b.dir/CheckSymbolExists.c.o   -c /home/david/catkin_ws/src/beginner_tutorials/CMakeFiles/CMakeTmp/CheckSymbolExists.c
Linking C executable cmTC_9823b
/usr/bin/cmake -E cmake_link_script CMakeFiles/cmTC_9823b.dir/link.txt --verbose=1
/usr/bin/cc       CMakeFiles/cmTC_9823b.dir/CheckSymbolExists.c.o  -o cmTC_9823b -rdynamic 
CMakeFiles/cmTC_9823b.dir/CheckSymbolExists.c.o: In function `main':
CheckSymbolExists.c:(.text+0x16): undefined reference to `pthread_create'
collect2: error: ld returned 1 exit status
CMakeFiles/cmTC_9823b.dir/build.make:97: recipe for target 'cmTC_9823b' failed
make[1]: *** [cmTC_9823b] Error 1
make[1]: Leaving directory '/home/david/catkin_ws/src/beginner_tutorials/CMakeFiles/CMakeTmp'
Makefile:126: recipe for target 'cmTC_9823b/fast' failed
make: *** [cmTC_9823b/fast] Error 2

File /home/david/catkin_ws/src/beginner_tutorials/CMakeFiles/CMakeTmp/CheckSymbolExists.c:
/* */
#include <pthread.h>

int main(int argc, char** argv)
{
  (void)argv;
#ifndef pthread_create
  return ((int*)(&pthread_create))[argc];
#else
  (void)argc;
  return 0;
#endif
}

Determining if the function pthread_create exists in the pthreads failed with the following output:
Change Dir: /home/david/catkin_ws/src/beginner_tutorials/CMakeFiles/CMakeTmp

Run Build Command:"/usr/bin/make" "cmTC_6f628/fast"
/usr/bin/make -f CMakeFiles/cmTC_6f628.dir/build.make CMakeFiles/cmTC_6f628.dir/build
make[1]: Entering directory '/home/david/catkin_ws/src/beginner_tutorials/CMakeFiles/CMakeTmp'
Building C object CMakeFiles/cmTC_6f628.dir/CheckFunctionExists.c.o
/usr/bin/cc    -DCHECK_FUNCTION_EXISTS=pthread_create   -o CMakeFiles/cmTC_6f628.dir/CheckFunctionExists.c.o   -c /usr/share/cmake-3.5/Modules/CheckFunctionExists.c
Linking C executable cmTC_6f628
/usr/bin/cmake -E cmake_link_script CMakeFiles/cmTC_6f628.dir/link.txt --verbose=1
/usr/bin/cc   -DCHECK_FUNCTION_EXISTS=pthread_create    CMakeFiles/cmTC_6f628.dir/CheckFunctionExists.c.o  -o cmTC_6f628 -rdynamic -lpthreads 
/usr/bin/ld: cannot find -lpthreads
collect2: error: ld returned 1 exit status
CMakeFiles/cmTC_6f628.dir/build.make:97: recipe for target 'cmTC_6f628' failed
make[1]: *** [cmTC_6f628] Error 1
make[1]: Leaving directory '/home/david/catkin_ws/src/beginner_tutorials/CMakeFiles/CMakeTmp'
Makefile:126: recipe for target 'cmTC_6f628/fast' failed
make: *** [cmTC_6f628/fast] Error 2


